DEB [20190219-15:47:48.326] thr=1   paramiko.transport: starting thread (client mode): 0x1eb364a8
DEB [20190219-15:47:48.327] thr=1   paramiko.transport: Local version/idstring: SSH-2.0-paramiko_2.4.0
DEB [20190219-15:47:48.331] thr=1   paramiko.transport: Remote version/idstring: SSH-2.0-OpenSSH_5.3
INF [20190219-15:47:48.331] thr=1   paramiko.transport: Connected (version 2.0, client OpenSSH_5.3)
DEB [20190219-15:47:48.332] thr=1   paramiko.transport: kex algos:['diffie-hellman-group-exchange-sha256', 'diffie-hellman-group-exchange-sha1', 'diffie-hellman-group14-sha1', 'diffie-hellman-group1-sha1'] server key:['ssh-rsa', 'ssh-dss'] client encrypt:['aes128-ctr', 'aes192-ctr', 'aes256-ctr', 'arcfour256', 'arcfour128', 'aes128-cbc', '3des-cbc', 'blowfish-cbc', 'cast128-cbc', 'aes192-cbc', 'aes256-cbc', 'arcfour', 'rijndael-cbc@lysator.liu.se'] server encrypt:['aes128-ctr', 'aes192-ctr', 'aes256-ctr', 'arcfour256', 'arcfour128', 'aes128-cbc', '3des-cbc', 'blowfish-cbc', 'cast128-cbc', 'aes192-cbc', 'aes256-cbc', 'arcfour', 'rijndael-cbc@lysator.liu.se'] client mac:['hmac-md5', 'hmac-sha1', 'umac-64@openssh.com', 'hmac-sha2-256', 'hmac-sha2-512', 'hmac-ripemd160', 'hmac-ripemd160@openssh.com', 'hmac-sha1-96', 'hmac-md5-96'] server mac:['hmac-md5', 'hmac-sha1', 'umac-64@openssh.com', 'hmac-sha2-256', 'hmac-sha2-512', 'hmac-ripemd160', 'hmac-ripemd160@openssh.com', 'hmac-sha1-96', 'hmac-md5-96'] client compress:['none', 'zlib@openssh.com'] server compress:['none', 'zlib@openssh.com'] client lang:[''] server lang:[''] kex follows?False
DEB [20190219-15:47:48.332] thr=1   paramiko.transport: Kex agreed: diffie-hellman-group-exchange-sha256
DEB [20190219-15:47:48.332] thr=1   paramiko.transport: HostKey agreed: ssh-rsa
DEB [20190219-15:47:48.332] thr=1   paramiko.transport: Cipher agreed: aes128-ctr
DEB [20190219-15:47:48.332] thr=1   paramiko.transport: MAC agreed: hmac-sha2-256
DEB [20190219-15:47:48.332] thr=1   paramiko.transport: Compression agreed: none
DEB [20190219-15:47:48.333] thr=1   paramiko.transport: Got server p (2048 bits)
DEB [20190219-15:47:48.461] thr=1   paramiko.transport: kex engine KexGexSHA256 specified hash_algo <built-in function openssl_sha256>
DEB [20190219-15:47:48.462] thr=1   paramiko.transport: Switch to new keys ...
DEB [20190219-15:47:48.501] thr=1   paramiko.transport: userauth is OK
INF [20190219-15:47:48.507] thr=1   paramiko.transport: Authentication (publickey) successful!
DEB [20190219-15:47:48.507] thr=2   paramiko.transport: [chan 0] Max packet in: 32768 bytes
DEB [20190219-15:47:48.517] thr=1   paramiko.transport: [chan 0] Max packet out: 32768 bytes
DEB [20190219-15:47:48.517] thr=1   paramiko.transport: Secsh channel 0 opened.
DEB [20190219-15:47:48.518] thr=1   paramiko.transport: [chan 0] Sesch channel 0 request ok
DEB [20190219-15:47:48.519] thr=1   paramiko.transport: [chan 0] Sesch channel 0 request ok
DEB [20190219-15:47:55.082] thr=1   paramiko.transport: [chan 0] EOF received (0)
DEB [20190219-15:47:55.082] thr=2   paramiko.transport: [chan 0] EOF sent (0)
DEB [20190221-14:37:15.298] thr=1   paramiko.transport: starting thread (client mode): 0x35f934a8
DEB [20190221-14:37:15.331] thr=1   paramiko.transport: Local version/idstring: SSH-2.0-paramiko_2.4.0
DEB [20190221-14:37:15.332] thr=1   paramiko.transport: Remote version/idstring: SSH-2.0-OpenSSH_5.3
INF [20190221-14:37:15.332] thr=1   paramiko.transport: Connected (version 2.0, client OpenSSH_5.3)
DEB [20190221-14:37:15.333] thr=1   paramiko.transport: kex algos:['diffie-hellman-group-exchange-sha256', 'diffie-hellman-group-exchange-sha1', 'diffie-hellman-group14-sha1', 'diffie-hellman-group1-sha1'] server key:['ssh-rsa', 'ssh-dss'] client encrypt:['aes128-ctr', 'aes192-ctr', 'aes256-ctr', 'arcfour256', 'arcfour128', 'aes128-cbc', '3des-cbc', 'blowfish-cbc', 'cast128-cbc', 'aes192-cbc', 'aes256-cbc', 'arcfour', 'rijndael-cbc@lysator.liu.se'] server encrypt:['aes128-ctr', 'aes192-ctr', 'aes256-ctr', 'arcfour256', 'arcfour128', 'aes128-cbc', '3des-cbc', 'blowfish-cbc', 'cast128-cbc', 'aes192-cbc', 'aes256-cbc', 'arcfour', 'rijndael-cbc@lysator.liu.se'] client mac:['hmac-md5', 'hmac-sha1', 'umac-64@openssh.com', 'hmac-sha2-256', 'hmac-sha2-512', 'hmac-ripemd160', 'hmac-ripemd160@openssh.com', 'hmac-sha1-96', 'hmac-md5-96'] server mac:['hmac-md5', 'hmac-sha1', 'umac-64@openssh.com', 'hmac-sha2-256', 'hmac-sha2-512', 'hmac-ripemd160', 'hmac-ripemd160@openssh.com', 'hmac-sha1-96', 'hmac-md5-96'] client compress:['none', 'zlib@openssh.com'] server compress:['none', 'zlib@openssh.com'] client lang:[''] server lang:[''] kex follows?False
DEB [20190221-14:37:15.333] thr=1   paramiko.transport: Kex agreed: diffie-hellman-group-exchange-sha256
DEB [20190221-14:37:15.333] thr=1   paramiko.transport: HostKey agreed: ssh-rsa
DEB [20190221-14:37:15.333] thr=1   paramiko.transport: Cipher agreed: aes128-ctr
DEB [20190221-14:37:15.333] thr=1   paramiko.transport: MAC agreed: hmac-sha2-256
DEB [20190221-14:37:15.333] thr=1   paramiko.transport: Compression agreed: none
DEB [20190221-14:37:15.335] thr=1   paramiko.transport: Got server p (2048 bits)
DEB [20190221-14:37:15.543] thr=1   paramiko.transport: kex engine KexGexSHA256 specified hash_algo <built-in function openssl_sha256>
DEB [20190221-14:37:15.544] thr=1   paramiko.transport: Switch to new keys ...
DEB [20190221-14:37:15.583] thr=1   paramiko.transport: userauth is OK
INF [20190221-14:37:15.590] thr=1   paramiko.transport: Authentication (publickey) successful!
DEB [20190221-14:37:15.591] thr=2   paramiko.transport: [chan 0] Max packet in: 32768 bytes
DEB [20190221-14:37:15.596] thr=1   paramiko.transport: [chan 0] Max packet out: 32768 bytes
DEB [20190221-14:37:15.596] thr=1   paramiko.transport: Secsh channel 0 opened.
DEB [20190221-14:37:15.598] thr=1   paramiko.transport: [chan 0] Sesch channel 0 request ok
DEB [20190221-14:37:15.599] thr=1   paramiko.transport: [chan 0] Sesch channel 0 request ok
DEB [20190221-14:37:27.117] thr=1   paramiko.transport: [chan 0] EOF received (0)
DEB [20190221-14:37:27.118] thr=2   paramiko.transport: [chan 0] EOF sent (0)
DEB [20190221-14:37:55.085] thr=1   paramiko.transport: starting thread (client mode): 0xa91bb470
DEB [20190221-14:37:55.086] thr=1   paramiko.transport: Local version/idstring: SSH-2.0-paramiko_2.4.0
DEB [20190221-14:37:55.090] thr=1   paramiko.transport: Remote version/idstring: SSH-2.0-OpenSSH_5.3
INF [20190221-14:37:55.090] thr=1   paramiko.transport: Connected (version 2.0, client OpenSSH_5.3)
DEB [20190221-14:37:55.091] thr=1   paramiko.transport: kex algos:['diffie-hellman-group-exchange-sha256', 'diffie-hellman-group-exchange-sha1', 'diffie-hellman-group14-sha1', 'diffie-hellman-group1-sha1'] server key:['ssh-rsa', 'ssh-dss'] client encrypt:['aes128-ctr', 'aes192-ctr', 'aes256-ctr', 'arcfour256', 'arcfour128', 'aes128-cbc', '3des-cbc', 'blowfish-cbc', 'cast128-cbc', 'aes192-cbc', 'aes256-cbc', 'arcfour', 'rijndael-cbc@lysator.liu.se'] server encrypt:['aes128-ctr', 'aes192-ctr', 'aes256-ctr', 'arcfour256', 'arcfour128', 'aes128-cbc', '3des-cbc', 'blowfish-cbc', 'cast128-cbc', 'aes192-cbc', 'aes256-cbc', 'arcfour', 'rijndael-cbc@lysator.liu.se'] client mac:['hmac-md5', 'hmac-sha1', 'umac-64@openssh.com', 'hmac-sha2-256', 'hmac-sha2-512', 'hmac-ripemd160', 'hmac-ripemd160@openssh.com', 'hmac-sha1-96', 'hmac-md5-96'] server mac:['hmac-md5', 'hmac-sha1', 'umac-64@openssh.com', 'hmac-sha2-256', 'hmac-sha2-512', 'hmac-ripemd160', 'hmac-ripemd160@openssh.com', 'hmac-sha1-96', 'hmac-md5-96'] client compress:['none', 'zlib@openssh.com'] server compress:['none', 'zlib@openssh.com'] client lang:[''] server lang:[''] kex follows?False
DEB [20190221-14:37:55.091] thr=1   paramiko.transport: Kex agreed: diffie-hellman-group-exchange-sha256
DEB [20190221-14:37:55.091] thr=1   paramiko.transport: HostKey agreed: ssh-rsa
DEB [20190221-14:37:55.091] thr=1   paramiko.transport: Cipher agreed: aes128-ctr
DEB [20190221-14:37:55.091] thr=1   paramiko.transport: MAC agreed: hmac-sha2-256
DEB [20190221-14:37:55.091] thr=1   paramiko.transport: Compression agreed: none
DEB [20190221-14:37:55.132] thr=1   paramiko.transport: Got server p (2048 bits)
DEB [20190221-14:37:55.291] thr=1   paramiko.transport: kex engine KexGexSHA256 specified hash_algo <built-in function openssl_sha256>
DEB [20190221-14:37:55.292] thr=1   paramiko.transport: Switch to new keys ...
DEB [20190221-14:37:55.332] thr=1   paramiko.transport: userauth is OK
INF [20190221-14:37:55.338] thr=1   paramiko.transport: Authentication (publickey) successful!
DEB [20190221-14:37:55.338] thr=2   paramiko.transport: [chan 0] Max packet in: 32768 bytes
DEB [20190221-14:37:55.347] thr=1   paramiko.transport: [chan 0] Max packet out: 32768 bytes
DEB [20190221-14:37:55.347] thr=1   paramiko.transport: Secsh channel 0 opened.
DEB [20190221-14:37:55.348] thr=1   paramiko.transport: [chan 0] Sesch channel 0 request ok
DEB [20190221-14:37:55.349] thr=1   paramiko.transport: [chan 0] Sesch channel 0 request ok
DEB [20190221-14:39:18.632] thr=1   paramiko.transport: starting thread (client mode): 0x8a253400
DEB [20190221-14:39:18.633] thr=1   paramiko.transport: Local version/idstring: SSH-2.0-paramiko_2.4.0
DEB [20190221-14:39:18.637] thr=1   paramiko.transport: Remote version/idstring: SSH-2.0-OpenSSH_5.3
INF [20190221-14:39:18.637] thr=1   paramiko.transport: Connected (version 2.0, client OpenSSH_5.3)
DEB [20190221-14:39:18.638] thr=1   paramiko.transport: kex algos:['diffie-hellman-group-exchange-sha256', 'diffie-hellman-group-exchange-sha1', 'diffie-hellman-group14-sha1', 'diffie-hellman-group1-sha1'] server key:['ssh-rsa', 'ssh-dss'] client encrypt:['aes128-ctr', 'aes192-ctr', 'aes256-ctr', 'arcfour256', 'arcfour128', 'aes128-cbc', '3des-cbc', 'blowfish-cbc', 'cast128-cbc', 'aes192-cbc', 'aes256-cbc', 'arcfour', 'rijndael-cbc@lysator.liu.se'] server encrypt:['aes128-ctr', 'aes192-ctr', 'aes256-ctr', 'arcfour256', 'arcfour128', 'aes128-cbc', '3des-cbc', 'blowfish-cbc', 'cast128-cbc', 'aes192-cbc', 'aes256-cbc', 'arcfour', 'rijndael-cbc@lysator.liu.se'] client mac:['hmac-md5', 'hmac-sha1', 'umac-64@openssh.com', 'hmac-sha2-256', 'hmac-sha2-512', 'hmac-ripemd160', 'hmac-ripemd160@openssh.com', 'hmac-sha1-96', 'hmac-md5-96'] server mac:['hmac-md5', 'hmac-sha1', 'umac-64@openssh.com', 'hmac-sha2-256', 'hmac-sha2-512', 'hmac-ripemd160', 'hmac-ripemd160@openssh.com', 'hmac-sha1-96', 'hmac-md5-96'] client compress:['none', 'zlib@openssh.com'] server compress:['none', 'zlib@openssh.com'] client lang:[''] server lang:[''] kex follows?False
DEB [20190221-14:39:18.638] thr=1   paramiko.transport: Kex agreed: diffie-hellman-group-exchange-sha256
DEB [20190221-14:39:18.638] thr=1   paramiko.transport: HostKey agreed: ssh-rsa
DEB [20190221-14:39:18.638] thr=1   paramiko.transport: Cipher agreed: aes128-ctr
DEB [20190221-14:39:18.638] thr=1   paramiko.transport: MAC agreed: hmac-sha2-256
DEB [20190221-14:39:18.639] thr=1   paramiko.transport: Compression agreed: none
DEB [20190221-14:39:18.679] thr=1   paramiko.transport: Got server p (2048 bits)
DEB [20190221-14:39:18.828] thr=1   paramiko.transport: kex engine KexGexSHA256 specified hash_algo <built-in function openssl_sha256>
DEB [20190221-14:39:18.829] thr=1   paramiko.transport: Switch to new keys ...
DEB [20190221-14:39:18.868] thr=1   paramiko.transport: userauth is OK
INF [20190221-14:39:18.874] thr=1   paramiko.transport: Authentication (publickey) successful!
DEB [20190221-14:39:18.874] thr=2   paramiko.transport: [chan 0] Max packet in: 32768 bytes
DEB [20190221-14:39:18.883] thr=1   paramiko.transport: [chan 0] Max packet out: 32768 bytes
DEB [20190221-14:39:18.883] thr=1   paramiko.transport: Secsh channel 0 opened.
DEB [20190221-14:39:18.884] thr=1   paramiko.transport: [chan 0] Sesch channel 0 request ok
DEB [20190221-14:39:18.885] thr=1   paramiko.transport: [chan 0] Sesch channel 0 request ok
DEB [20190221-14:40:40.293] thr=1   paramiko.transport: starting thread (client mode): 0xee686470
DEB [20190221-14:40:40.293] thr=1   paramiko.transport: Local version/idstring: SSH-2.0-paramiko_2.4.0
DEB [20190221-14:40:40.297] thr=1   paramiko.transport: Remote version/idstring: SSH-2.0-OpenSSH_5.3
INF [20190221-14:40:40.298] thr=1   paramiko.transport: Connected (version 2.0, client OpenSSH_5.3)
DEB [20190221-14:40:40.299] thr=1   paramiko.transport: kex algos:['diffie-hellman-group-exchange-sha256', 'diffie-hellman-group-exchange-sha1', 'diffie-hellman-group14-sha1', 'diffie-hellman-group1-sha1'] server key:['ssh-rsa', 'ssh-dss'] client encrypt:['aes128-ctr', 'aes192-ctr', 'aes256-ctr', 'arcfour256', 'arcfour128', 'aes128-cbc', '3des-cbc', 'blowfish-cbc', 'cast128-cbc', 'aes192-cbc', 'aes256-cbc', 'arcfour', 'rijndael-cbc@lysator.liu.se'] server encrypt:['aes128-ctr', 'aes192-ctr', 'aes256-ctr', 'arcfour256', 'arcfour128', 'aes128-cbc', '3des-cbc', 'blowfish-cbc', 'cast128-cbc', 'aes192-cbc', 'aes256-cbc', 'arcfour', 'rijndael-cbc@lysator.liu.se'] client mac:['hmac-md5', 'hmac-sha1', 'umac-64@openssh.com', 'hmac-sha2-256', 'hmac-sha2-512', 'hmac-ripemd160', 'hmac-ripemd160@openssh.com', 'hmac-sha1-96', 'hmac-md5-96'] server mac:['hmac-md5', 'hmac-sha1', 'umac-64@openssh.com', 'hmac-sha2-256', 'hmac-sha2-512', 'hmac-ripemd160', 'hmac-ripemd160@openssh.com', 'hmac-sha1-96', 'hmac-md5-96'] client compress:['none', 'zlib@openssh.com'] server compress:['none', 'zlib@openssh.com'] client lang:[''] server lang:[''] kex follows?False
DEB [20190221-14:40:40.299] thr=1   paramiko.transport: Kex agreed: diffie-hellman-group-exchange-sha256
DEB [20190221-14:40:40.299] thr=1   paramiko.transport: HostKey agreed: ssh-rsa
DEB [20190221-14:40:40.299] thr=1   paramiko.transport: Cipher agreed: aes128-ctr
DEB [20190221-14:40:40.299] thr=1   paramiko.transport: MAC agreed: hmac-sha2-256
DEB [20190221-14:40:40.299] thr=1   paramiko.transport: Compression agreed: none
DEB [20190221-14:40:40.340] thr=1   paramiko.transport: Got server p (2048 bits)
DEB [20190221-14:40:40.486] thr=1   paramiko.transport: kex engine KexGexSHA256 specified hash_algo <built-in function openssl_sha256>
DEB [20190221-14:40:40.487] thr=1   paramiko.transport: Switch to new keys ...
DEB [20190221-14:40:40.527] thr=1   paramiko.transport: userauth is OK
INF [20190221-14:40:40.533] thr=1   paramiko.transport: Authentication (publickey) successful!
DEB [20190221-14:40:40.534] thr=2   paramiko.transport: [chan 0] Max packet in: 32768 bytes
DEB [20190221-14:40:40.541] thr=1   paramiko.transport: [chan 0] Max packet out: 32768 bytes
DEB [20190221-14:40:40.541] thr=1   paramiko.transport: Secsh channel 0 opened.
DEB [20190221-14:40:40.543] thr=1   paramiko.transport: [chan 0] Sesch channel 0 request ok
DEB [20190221-14:40:40.544] thr=1   paramiko.transport: [chan 0] Sesch channel 0 request ok
DEB [20190221-14:41:36.707] thr=1   paramiko.transport: starting thread (client mode): 0xe2faa470
DEB [20190221-14:41:36.708] thr=1   paramiko.transport: Local version/idstring: SSH-2.0-paramiko_2.4.0
DEB [20190221-14:41:36.712] thr=1   paramiko.transport: Remote version/idstring: SSH-2.0-OpenSSH_5.3
INF [20190221-14:41:36.712] thr=1   paramiko.transport: Connected (version 2.0, client OpenSSH_5.3)
DEB [20190221-14:41:36.713] thr=1   paramiko.transport: kex algos:['diffie-hellman-group-exchange-sha256', 'diffie-hellman-group-exchange-sha1', 'diffie-hellman-group14-sha1', 'diffie-hellman-group1-sha1'] server key:['ssh-rsa', 'ssh-dss'] client encrypt:['aes128-ctr', 'aes192-ctr', 'aes256-ctr', 'arcfour256', 'arcfour128', 'aes128-cbc', '3des-cbc', 'blowfish-cbc', 'cast128-cbc', 'aes192-cbc', 'aes256-cbc', 'arcfour', 'rijndael-cbc@lysator.liu.se'] server encrypt:['aes128-ctr', 'aes192-ctr', 'aes256-ctr', 'arcfour256', 'arcfour128', 'aes128-cbc', '3des-cbc', 'blowfish-cbc', 'cast128-cbc', 'aes192-cbc', 'aes256-cbc', 'arcfour', 'rijndael-cbc@lysator.liu.se'] client mac:['hmac-md5', 'hmac-sha1', 'umac-64@openssh.com', 'hmac-sha2-256', 'hmac-sha2-512', 'hmac-ripemd160', 'hmac-ripemd160@openssh.com', 'hmac-sha1-96', 'hmac-md5-96'] server mac:['hmac-md5', 'hmac-sha1', 'umac-64@openssh.com', 'hmac-sha2-256', 'hmac-sha2-512', 'hmac-ripemd160', 'hmac-ripemd160@openssh.com', 'hmac-sha1-96', 'hmac-md5-96'] client compress:['none', 'zlib@openssh.com'] server compress:['none', 'zlib@openssh.com'] client lang:[''] server lang:[''] kex follows?False
DEB [20190221-14:41:36.713] thr=1   paramiko.transport: Kex agreed: diffie-hellman-group-exchange-sha256
DEB [20190221-14:41:36.713] thr=1   paramiko.transport: HostKey agreed: ssh-rsa
DEB [20190221-14:41:36.714] thr=1   paramiko.transport: Cipher agreed: aes128-ctr
DEB [20190221-14:41:36.714] thr=1   paramiko.transport: MAC agreed: hmac-sha2-256
DEB [20190221-14:41:36.714] thr=1   paramiko.transport: Compression agreed: none
DEB [20190221-14:41:36.715] thr=1   paramiko.transport: Got server p (2048 bits)
DEB [20190221-14:41:36.871] thr=1   paramiko.transport: kex engine KexGexSHA256 specified hash_algo <built-in function openssl_sha256>
DEB [20190221-14:41:36.872] thr=1   paramiko.transport: Switch to new keys ...
DEB [20190221-14:41:36.911] thr=1   paramiko.transport: userauth is OK
INF [20190221-14:41:36.917] thr=1   paramiko.transport: Authentication (publickey) successful!
DEB [20190221-14:41:36.917] thr=2   paramiko.transport: [chan 0] Max packet in: 32768 bytes
DEB [20190221-14:41:36.927] thr=1   paramiko.transport: [chan 0] Max packet out: 32768 bytes
DEB [20190221-14:41:36.927] thr=1   paramiko.transport: Secsh channel 0 opened.
DEB [20190221-14:41:36.928] thr=1   paramiko.transport: [chan 0] Sesch channel 0 request ok
DEB [20190221-14:41:36.929] thr=1   paramiko.transport: [chan 0] Sesch channel 0 request ok
DEB [20190221-14:42:04.497] thr=1   paramiko.transport: starting thread (client mode): 0x74287470
DEB [20190221-14:42:04.497] thr=1   paramiko.transport: Local version/idstring: SSH-2.0-paramiko_2.4.0
DEB [20190221-14:42:04.502] thr=1   paramiko.transport: Remote version/idstring: SSH-2.0-OpenSSH_5.3
INF [20190221-14:42:04.502] thr=1   paramiko.transport: Connected (version 2.0, client OpenSSH_5.3)
DEB [20190221-14:42:04.503] thr=1   paramiko.transport: kex algos:['diffie-hellman-group-exchange-sha256', 'diffie-hellman-group-exchange-sha1', 'diffie-hellman-group14-sha1', 'diffie-hellman-group1-sha1'] server key:['ssh-rsa', 'ssh-dss'] client encrypt:['aes128-ctr', 'aes192-ctr', 'aes256-ctr', 'arcfour256', 'arcfour128', 'aes128-cbc', '3des-cbc', 'blowfish-cbc', 'cast128-cbc', 'aes192-cbc', 'aes256-cbc', 'arcfour', 'rijndael-cbc@lysator.liu.se'] server encrypt:['aes128-ctr', 'aes192-ctr', 'aes256-ctr', 'arcfour256', 'arcfour128', 'aes128-cbc', '3des-cbc', 'blowfish-cbc', 'cast128-cbc', 'aes192-cbc', 'aes256-cbc', 'arcfour', 'rijndael-cbc@lysator.liu.se'] client mac:['hmac-md5', 'hmac-sha1', 'umac-64@openssh.com', 'hmac-sha2-256', 'hmac-sha2-512', 'hmac-ripemd160', 'hmac-ripemd160@openssh.com', 'hmac-sha1-96', 'hmac-md5-96'] server mac:['hmac-md5', 'hmac-sha1', 'umac-64@openssh.com', 'hmac-sha2-256', 'hmac-sha2-512', 'hmac-ripemd160', 'hmac-ripemd160@openssh.com', 'hmac-sha1-96', 'hmac-md5-96'] client compress:['none', 'zlib@openssh.com'] server compress:['none', 'zlib@openssh.com'] client lang:[''] server lang:[''] kex follows?False
DEB [20190221-14:42:04.503] thr=1   paramiko.transport: Kex agreed: diffie-hellman-group-exchange-sha256
DEB [20190221-14:42:04.503] thr=1   paramiko.transport: HostKey agreed: ssh-rsa
DEB [20190221-14:42:04.503] thr=1   paramiko.transport: Cipher agreed: aes128-ctr
DEB [20190221-14:42:04.503] thr=1   paramiko.transport: MAC agreed: hmac-sha2-256
DEB [20190221-14:42:04.503] thr=1   paramiko.transport: Compression agreed: none
DEB [20190221-14:42:04.505] thr=1   paramiko.transport: Got server p (2048 bits)
DEB [20190221-14:42:04.634] thr=1   paramiko.transport: kex engine KexGexSHA256 specified hash_algo <built-in function openssl_sha256>
DEB [20190221-14:42:04.635] thr=1   paramiko.transport: Switch to new keys ...
DEB [20190221-14:42:04.674] thr=1   paramiko.transport: userauth is OK
INF [20190221-14:42:04.680] thr=1   paramiko.transport: Authentication (publickey) successful!
DEB [20190221-14:42:04.680] thr=2   paramiko.transport: [chan 0] Max packet in: 32768 bytes
DEB [20190221-14:42:04.689] thr=1   paramiko.transport: [chan 0] Max packet out: 32768 bytes
DEB [20190221-14:42:04.689] thr=1   paramiko.transport: Secsh channel 0 opened.
DEB [20190221-14:42:04.689] thr=1   paramiko.transport: [chan 0] Sesch channel 0 request ok
DEB [20190221-14:42:04.690] thr=1   paramiko.transport: [chan 0] Sesch channel 0 request ok
DEB [20190221-14:43:26.045] thr=1   paramiko.transport: starting thread (client mode): 0x82ef470
DEB [20190221-14:43:26.046] thr=1   paramiko.transport: Local version/idstring: SSH-2.0-paramiko_2.4.0
DEB [20190221-14:43:26.050] thr=1   paramiko.transport: Remote version/idstring: SSH-2.0-OpenSSH_5.3
INF [20190221-14:43:26.050] thr=1   paramiko.transport: Connected (version 2.0, client OpenSSH_5.3)
DEB [20190221-14:43:26.051] thr=1   paramiko.transport: kex algos:['diffie-hellman-group-exchange-sha256', 'diffie-hellman-group-exchange-sha1', 'diffie-hellman-group14-sha1', 'diffie-hellman-group1-sha1'] server key:['ssh-rsa', 'ssh-dss'] client encrypt:['aes128-ctr', 'aes192-ctr', 'aes256-ctr', 'arcfour256', 'arcfour128', 'aes128-cbc', '3des-cbc', 'blowfish-cbc', 'cast128-cbc', 'aes192-cbc', 'aes256-cbc', 'arcfour', 'rijndael-cbc@lysator.liu.se'] server encrypt:['aes128-ctr', 'aes192-ctr', 'aes256-ctr', 'arcfour256', 'arcfour128', 'aes128-cbc', '3des-cbc', 'blowfish-cbc', 'cast128-cbc', 'aes192-cbc', 'aes256-cbc', 'arcfour', 'rijndael-cbc@lysator.liu.se'] client mac:['hmac-md5', 'hmac-sha1', 'umac-64@openssh.com', 'hmac-sha2-256', 'hmac-sha2-512', 'hmac-ripemd160', 'hmac-ripemd160@openssh.com', 'hmac-sha1-96', 'hmac-md5-96'] server mac:['hmac-md5', 'hmac-sha1', 'umac-64@openssh.com', 'hmac-sha2-256', 'hmac-sha2-512', 'hmac-ripemd160', 'hmac-ripemd160@openssh.com', 'hmac-sha1-96', 'hmac-md5-96'] client compress:['none', 'zlib@openssh.com'] server compress:['none', 'zlib@openssh.com'] client lang:[''] server lang:[''] kex follows?False
DEB [20190221-14:43:26.051] thr=1   paramiko.transport: Kex agreed: diffie-hellman-group-exchange-sha256
DEB [20190221-14:43:26.051] thr=1   paramiko.transport: HostKey agreed: ssh-rsa
DEB [20190221-14:43:26.051] thr=1   paramiko.transport: Cipher agreed: aes128-ctr
DEB [20190221-14:43:26.051] thr=1   paramiko.transport: MAC agreed: hmac-sha2-256
DEB [20190221-14:43:26.051] thr=1   paramiko.transport: Compression agreed: none
DEB [20190221-14:43:26.092] thr=1   paramiko.transport: Got server p (2048 bits)
DEB [20190221-14:43:26.251] thr=1   paramiko.transport: kex engine KexGexSHA256 specified hash_algo <built-in function openssl_sha256>
DEB [20190221-14:43:26.252] thr=1   paramiko.transport: Switch to new keys ...
DEB [20190221-14:43:26.293] thr=1   paramiko.transport: userauth is OK
INF [20190221-14:43:26.299] thr=1   paramiko.transport: Authentication (publickey) successful!
DEB [20190221-14:43:26.299] thr=2   paramiko.transport: [chan 0] Max packet in: 32768 bytes
DEB [20190221-14:43:26.309] thr=1   paramiko.transport: [chan 0] Max packet out: 32768 bytes
DEB [20190221-14:43:26.309] thr=1   paramiko.transport: Secsh channel 0 opened.
DEB [20190221-14:43:26.310] thr=1   paramiko.transport: [chan 0] Sesch channel 0 request ok
DEB [20190221-14:43:26.311] thr=1   paramiko.transport: [chan 0] Sesch channel 0 request ok
DEB [20190221-15:14:09.781] thr=1   paramiko.transport: starting thread (client mode): 0x56486470
DEB [20190221-15:14:09.782] thr=1   paramiko.transport: Local version/idstring: SSH-2.0-paramiko_2.4.0
DEB [20190221-15:14:09.786] thr=1   paramiko.transport: Remote version/idstring: SSH-2.0-OpenSSH_5.3
INF [20190221-15:14:09.786] thr=1   paramiko.transport: Connected (version 2.0, client OpenSSH_5.3)
DEB [20190221-15:14:09.787] thr=1   paramiko.transport: kex algos:['diffie-hellman-group-exchange-sha256', 'diffie-hellman-group-exchange-sha1', 'diffie-hellman-group14-sha1', 'diffie-hellman-group1-sha1'] server key:['ssh-rsa', 'ssh-dss'] client encrypt:['aes128-ctr', 'aes192-ctr', 'aes256-ctr', 'arcfour256', 'arcfour128', 'aes128-cbc', '3des-cbc', 'blowfish-cbc', 'cast128-cbc', 'aes192-cbc', 'aes256-cbc', 'arcfour', 'rijndael-cbc@lysator.liu.se'] server encrypt:['aes128-ctr', 'aes192-ctr', 'aes256-ctr', 'arcfour256', 'arcfour128', 'aes128-cbc', '3des-cbc', 'blowfish-cbc', 'cast128-cbc', 'aes192-cbc', 'aes256-cbc', 'arcfour', 'rijndael-cbc@lysator.liu.se'] client mac:['hmac-md5', 'hmac-sha1', 'umac-64@openssh.com', 'hmac-sha2-256', 'hmac-sha2-512', 'hmac-ripemd160', 'hmac-ripemd160@openssh.com', 'hmac-sha1-96', 'hmac-md5-96'] server mac:['hmac-md5', 'hmac-sha1', 'umac-64@openssh.com', 'hmac-sha2-256', 'hmac-sha2-512', 'hmac-ripemd160', 'hmac-ripemd160@openssh.com', 'hmac-sha1-96', 'hmac-md5-96'] client compress:['none', 'zlib@openssh.com'] server compress:['none', 'zlib@openssh.com'] client lang:[''] server lang:[''] kex follows?False
DEB [20190221-15:14:09.787] thr=1   paramiko.transport: Kex agreed: diffie-hellman-group-exchange-sha256
DEB [20190221-15:14:09.787] thr=1   paramiko.transport: HostKey agreed: ssh-rsa
DEB [20190221-15:14:09.787] thr=1   paramiko.transport: Cipher agreed: aes128-ctr
DEB [20190221-15:14:09.787] thr=1   paramiko.transport: MAC agreed: hmac-sha2-256
DEB [20190221-15:14:09.788] thr=1   paramiko.transport: Compression agreed: none
DEB [20190221-15:14:09.827] thr=1   paramiko.transport: Got server p (2048 bits)
DEB [20190221-15:14:09.953] thr=1   paramiko.transport: kex engine KexGexSHA256 specified hash_algo <built-in function openssl_sha256>
DEB [20190221-15:14:09.954] thr=1   paramiko.transport: Switch to new keys ...
DEB [20190221-15:14:09.993] thr=1   paramiko.transport: userauth is OK
INF [20190221-15:14:09.999] thr=1   paramiko.transport: Authentication (publickey) successful!
DEB [20190221-15:14:09.999] thr=2   paramiko.transport: [chan 0] Max packet in: 32768 bytes
DEB [20190221-15:14:10.009] thr=1   paramiko.transport: [chan 0] Max packet out: 32768 bytes
DEB [20190221-15:14:10.009] thr=1   paramiko.transport: Secsh channel 0 opened.
DEB [20190221-15:14:10.010] thr=1   paramiko.transport: [chan 0] Sesch channel 0 request ok
DEB [20190221-15:14:10.011] thr=1   paramiko.transport: [chan 0] Sesch channel 0 request ok
DEB [20190221-15:20:20.919] thr=1   paramiko.transport: starting thread (client mode): 0x184a4470
DEB [20190221-15:20:20.920] thr=1   paramiko.transport: Local version/idstring: SSH-2.0-paramiko_2.4.0
DEB [20190221-15:20:20.924] thr=1   paramiko.transport: Remote version/idstring: SSH-2.0-OpenSSH_5.3
INF [20190221-15:20:20.924] thr=1   paramiko.transport: Connected (version 2.0, client OpenSSH_5.3)
DEB [20190221-15:20:20.925] thr=1   paramiko.transport: kex algos:['diffie-hellman-group-exchange-sha256', 'diffie-hellman-group-exchange-sha1', 'diffie-hellman-group14-sha1', 'diffie-hellman-group1-sha1'] server key:['ssh-rsa', 'ssh-dss'] client encrypt:['aes128-ctr', 'aes192-ctr', 'aes256-ctr', 'arcfour256', 'arcfour128', 'aes128-cbc', '3des-cbc', 'blowfish-cbc', 'cast128-cbc', 'aes192-cbc', 'aes256-cbc', 'arcfour', 'rijndael-cbc@lysator.liu.se'] server encrypt:['aes128-ctr', 'aes192-ctr', 'aes256-ctr', 'arcfour256', 'arcfour128', 'aes128-cbc', '3des-cbc', 'blowfish-cbc', 'cast128-cbc', 'aes192-cbc', 'aes256-cbc', 'arcfour', 'rijndael-cbc@lysator.liu.se'] client mac:['hmac-md5', 'hmac-sha1', 'umac-64@openssh.com', 'hmac-sha2-256', 'hmac-sha2-512', 'hmac-ripemd160', 'hmac-ripemd160@openssh.com', 'hmac-sha1-96', 'hmac-md5-96'] server mac:['hmac-md5', 'hmac-sha1', 'umac-64@openssh.com', 'hmac-sha2-256', 'hmac-sha2-512', 'hmac-ripemd160', 'hmac-ripemd160@openssh.com', 'hmac-sha1-96', 'hmac-md5-96'] client compress:['none', 'zlib@openssh.com'] server compress:['none', 'zlib@openssh.com'] client lang:[''] server lang:[''] kex follows?False
DEB [20190221-15:20:20.925] thr=1   paramiko.transport: Kex agreed: diffie-hellman-group-exchange-sha256
DEB [20190221-15:20:20.925] thr=1   paramiko.transport: HostKey agreed: ssh-rsa
DEB [20190221-15:20:20.925] thr=1   paramiko.transport: Cipher agreed: aes128-ctr
DEB [20190221-15:20:20.925] thr=1   paramiko.transport: MAC agreed: hmac-sha2-256
DEB [20190221-15:20:20.925] thr=1   paramiko.transport: Compression agreed: none
DEB [20190221-15:20:20.926] thr=1   paramiko.transport: Got server p (2048 bits)
DEB [20190221-15:20:21.070] thr=1   paramiko.transport: kex engine KexGexSHA256 specified hash_algo <built-in function openssl_sha256>
DEB [20190221-15:20:21.071] thr=1   paramiko.transport: Switch to new keys ...
DEB [20190221-15:20:21.111] thr=1   paramiko.transport: userauth is OK
INF [20190221-15:20:21.117] thr=1   paramiko.transport: Authentication (publickey) successful!
DEB [20190221-15:20:21.118] thr=2   paramiko.transport: [chan 0] Max packet in: 32768 bytes
DEB [20190221-15:20:21.123] thr=1   paramiko.transport: [chan 0] Max packet out: 32768 bytes
DEB [20190221-15:20:21.124] thr=1   paramiko.transport: Secsh channel 0 opened.
DEB [20190221-15:20:21.124] thr=1   paramiko.transport: [chan 0] Sesch channel 0 request ok
DEB [20190221-15:20:21.126] thr=1   paramiko.transport: [chan 0] Sesch channel 0 request ok
DEB [20190221-15:24:00.017] thr=1   paramiko.transport: starting thread (client mode): 0xe0723400
DEB [20190221-15:24:00.017] thr=1   paramiko.transport: Local version/idstring: SSH-2.0-paramiko_2.4.0
DEB [20190221-15:24:00.022] thr=1   paramiko.transport: Remote version/idstring: SSH-2.0-OpenSSH_5.3
INF [20190221-15:24:00.022] thr=1   paramiko.transport: Connected (version 2.0, client OpenSSH_5.3)
DEB [20190221-15:24:00.023] thr=1   paramiko.transport: kex algos:['diffie-hellman-group-exchange-sha256', 'diffie-hellman-group-exchange-sha1', 'diffie-hellman-group14-sha1', 'diffie-hellman-group1-sha1'] server key:['ssh-rsa', 'ssh-dss'] client encrypt:['aes128-ctr', 'aes192-ctr', 'aes256-ctr', 'arcfour256', 'arcfour128', 'aes128-cbc', '3des-cbc', 'blowfish-cbc', 'cast128-cbc', 'aes192-cbc', 'aes256-cbc', 'arcfour', 'rijndael-cbc@lysator.liu.se'] server encrypt:['aes128-ctr', 'aes192-ctr', 'aes256-ctr', 'arcfour256', 'arcfour128', 'aes128-cbc', '3des-cbc', 'blowfish-cbc', 'cast128-cbc', 'aes192-cbc', 'aes256-cbc', 'arcfour', 'rijndael-cbc@lysator.liu.se'] client mac:['hmac-md5', 'hmac-sha1', 'umac-64@openssh.com', 'hmac-sha2-256', 'hmac-sha2-512', 'hmac-ripemd160', 'hmac-ripemd160@openssh.com', 'hmac-sha1-96', 'hmac-md5-96'] server mac:['hmac-md5', 'hmac-sha1', 'umac-64@openssh.com', 'hmac-sha2-256', 'hmac-sha2-512', 'hmac-ripemd160', 'hmac-ripemd160@openssh.com', 'hmac-sha1-96', 'hmac-md5-96'] client compress:['none', 'zlib@openssh.com'] server compress:['none', 'zlib@openssh.com'] client lang:[''] server lang:[''] kex follows?False
DEB [20190221-15:24:00.023] thr=1   paramiko.transport: Kex agreed: diffie-hellman-group-exchange-sha256
DEB [20190221-15:24:00.024] thr=1   paramiko.transport: HostKey agreed: ssh-rsa
DEB [20190221-15:24:00.024] thr=1   paramiko.transport: Cipher agreed: aes128-ctr
DEB [20190221-15:24:00.024] thr=1   paramiko.transport: MAC agreed: hmac-sha2-256
DEB [20190221-15:24:00.024] thr=1   paramiko.transport: Compression agreed: none
DEB [20190221-15:24:00.065] thr=1   paramiko.transport: Got server p (2048 bits)
DEB [20190221-15:24:00.188] thr=1   paramiko.transport: kex engine KexGexSHA256 specified hash_algo <built-in function openssl_sha256>
DEB [20190221-15:24:00.189] thr=1   paramiko.transport: Switch to new keys ...
DEB [20190221-15:24:00.229] thr=1   paramiko.transport: userauth is OK
INF [20190221-15:24:00.234] thr=1   paramiko.transport: Authentication (publickey) successful!
DEB [20190221-15:24:00.235] thr=2   paramiko.transport: [chan 0] Max packet in: 32768 bytes
DEB [20190221-15:24:00.243] thr=1   paramiko.transport: [chan 0] Max packet out: 32768 bytes
DEB [20190221-15:24:00.243] thr=1   paramiko.transport: Secsh channel 0 opened.
DEB [20190221-15:24:00.244] thr=1   paramiko.transport: [chan 0] Sesch channel 0 request ok
DEB [20190221-15:24:00.245] thr=1   paramiko.transport: [chan 0] Sesch channel 0 request ok
DEB [20190221-15:25:12.550] thr=1   paramiko.transport: starting thread (client mode): 0xe15cb438
DEB [20190221-15:25:12.550] thr=1   paramiko.transport: Local version/idstring: SSH-2.0-paramiko_2.4.0
DEB [20190221-15:25:12.554] thr=1   paramiko.transport: Remote version/idstring: SSH-2.0-OpenSSH_5.3
INF [20190221-15:25:12.555] thr=1   paramiko.transport: Connected (version 2.0, client OpenSSH_5.3)
DEB [20190221-15:25:12.555] thr=1   paramiko.transport: kex algos:['diffie-hellman-group-exchange-sha256', 'diffie-hellman-group-exchange-sha1', 'diffie-hellman-group14-sha1', 'diffie-hellman-group1-sha1'] server key:['ssh-rsa', 'ssh-dss'] client encrypt:['aes128-ctr', 'aes192-ctr', 'aes256-ctr', 'arcfour256', 'arcfour128', 'aes128-cbc', '3des-cbc', 'blowfish-cbc', 'cast128-cbc', 'aes192-cbc', 'aes256-cbc', 'arcfour', 'rijndael-cbc@lysator.liu.se'] server encrypt:['aes128-ctr', 'aes192-ctr', 'aes256-ctr', 'arcfour256', 'arcfour128', 'aes128-cbc', '3des-cbc', 'blowfish-cbc', 'cast128-cbc', 'aes192-cbc', 'aes256-cbc', 'arcfour', 'rijndael-cbc@lysator.liu.se'] client mac:['hmac-md5', 'hmac-sha1', 'umac-64@openssh.com', 'hmac-sha2-256', 'hmac-sha2-512', 'hmac-ripemd160', 'hmac-ripemd160@openssh.com', 'hmac-sha1-96', 'hmac-md5-96'] server mac:['hmac-md5', 'hmac-sha1', 'umac-64@openssh.com', 'hmac-sha2-256', 'hmac-sha2-512', 'hmac-ripemd160', 'hmac-ripemd160@openssh.com', 'hmac-sha1-96', 'hmac-md5-96'] client compress:['none', 'zlib@openssh.com'] server compress:['none', 'zlib@openssh.com'] client lang:[''] server lang:[''] kex follows?False
DEB [20190221-15:25:12.555] thr=1   paramiko.transport: Kex agreed: diffie-hellman-group-exchange-sha256
DEB [20190221-15:25:12.556] thr=1   paramiko.transport: HostKey agreed: ssh-rsa
DEB [20190221-15:25:12.556] thr=1   paramiko.transport: Cipher agreed: aes128-ctr
DEB [20190221-15:25:12.556] thr=1   paramiko.transport: MAC agreed: hmac-sha2-256
DEB [20190221-15:25:12.556] thr=1   paramiko.transport: Compression agreed: none
DEB [20190221-15:25:12.557] thr=1   paramiko.transport: Got server p (2048 bits)
DEB [20190221-15:25:12.679] thr=1   paramiko.transport: kex engine KexGexSHA256 specified hash_algo <built-in function openssl_sha256>
DEB [20190221-15:25:12.680] thr=1   paramiko.transport: Switch to new keys ...
DEB [20190221-15:25:12.720] thr=1   paramiko.transport: userauth is OK
INF [20190221-15:25:12.726] thr=1   paramiko.transport: Authentication (publickey) successful!
DEB [20190221-15:25:12.726] thr=2   paramiko.transport: [chan 0] Max packet in: 32768 bytes
DEB [20190221-15:25:12.741] thr=1   paramiko.transport: [chan 0] Max packet out: 32768 bytes
DEB [20190221-15:25:12.741] thr=1   paramiko.transport: Secsh channel 0 opened.
DEB [20190221-15:25:12.742] thr=1   paramiko.transport: [chan 0] Sesch channel 0 request ok
DEB [20190221-15:25:12.743] thr=1   paramiko.transport: [chan 0] Sesch channel 0 request ok
DEB [20190221-15:26:15.790] thr=1   paramiko.transport: starting thread (client mode): 0x4b1904a8
DEB [20190221-15:26:15.791] thr=1   paramiko.transport: Local version/idstring: SSH-2.0-paramiko_2.4.0
DEB [20190221-15:26:15.795] thr=1   paramiko.transport: Remote version/idstring: SSH-2.0-OpenSSH_5.3
INF [20190221-15:26:15.795] thr=1   paramiko.transport: Connected (version 2.0, client OpenSSH_5.3)
DEB [20190221-15:26:15.796] thr=1   paramiko.transport: kex algos:['diffie-hellman-group-exchange-sha256', 'diffie-hellman-group-exchange-sha1', 'diffie-hellman-group14-sha1', 'diffie-hellman-group1-sha1'] server key:['ssh-rsa', 'ssh-dss'] client encrypt:['aes128-ctr', 'aes192-ctr', 'aes256-ctr', 'arcfour256', 'arcfour128', 'aes128-cbc', '3des-cbc', 'blowfish-cbc', 'cast128-cbc', 'aes192-cbc', 'aes256-cbc', 'arcfour', 'rijndael-cbc@lysator.liu.se'] server encrypt:['aes128-ctr', 'aes192-ctr', 'aes256-ctr', 'arcfour256', 'arcfour128', 'aes128-cbc', '3des-cbc', 'blowfish-cbc', 'cast128-cbc', 'aes192-cbc', 'aes256-cbc', 'arcfour', 'rijndael-cbc@lysator.liu.se'] client mac:['hmac-md5', 'hmac-sha1', 'umac-64@openssh.com', 'hmac-sha2-256', 'hmac-sha2-512', 'hmac-ripemd160', 'hmac-ripemd160@openssh.com', 'hmac-sha1-96', 'hmac-md5-96'] server mac:['hmac-md5', 'hmac-sha1', 'umac-64@openssh.com', 'hmac-sha2-256', 'hmac-sha2-512', 'hmac-ripemd160', 'hmac-ripemd160@openssh.com', 'hmac-sha1-96', 'hmac-md5-96'] client compress:['none', 'zlib@openssh.com'] server compress:['none', 'zlib@openssh.com'] client lang:[''] server lang:[''] kex follows?False
DEB [20190221-15:26:15.796] thr=1   paramiko.transport: Kex agreed: diffie-hellman-group-exchange-sha256
DEB [20190221-15:26:15.796] thr=1   paramiko.transport: HostKey agreed: ssh-rsa
DEB [20190221-15:26:15.796] thr=1   paramiko.transport: Cipher agreed: aes128-ctr
DEB [20190221-15:26:15.796] thr=1   paramiko.transport: MAC agreed: hmac-sha2-256
DEB [20190221-15:26:15.796] thr=1   paramiko.transport: Compression agreed: none
DEB [20190221-15:26:15.836] thr=1   paramiko.transport: Got server p (2048 bits)
DEB [20190221-15:26:15.975] thr=1   paramiko.transport: kex engine KexGexSHA256 specified hash_algo <built-in function openssl_sha256>
DEB [20190221-15:26:15.976] thr=1   paramiko.transport: Switch to new keys ...
DEB [20190221-15:26:16.015] thr=1   paramiko.transport: userauth is OK
INF [20190221-15:26:16.021] thr=1   paramiko.transport: Authentication (publickey) successful!
DEB [20190221-15:26:16.022] thr=2   paramiko.transport: [chan 0] Max packet in: 32768 bytes
DEB [20190221-15:26:16.030] thr=1   paramiko.transport: [chan 0] Max packet out: 32768 bytes
DEB [20190221-15:26:16.030] thr=1   paramiko.transport: Secsh channel 0 opened.
DEB [20190221-15:26:16.031] thr=1   paramiko.transport: [chan 0] Sesch channel 0 request ok
DEB [20190221-15:26:16.032] thr=1   paramiko.transport: [chan 0] Sesch channel 0 request ok
DEB [20190221-15:27:17.123] thr=1   paramiko.transport: starting thread (client mode): 0x9a0f74a8
DEB [20190221-15:27:17.124] thr=1   paramiko.transport: Local version/idstring: SSH-2.0-paramiko_2.4.0
DEB [20190221-15:27:17.128] thr=1   paramiko.transport: Remote version/idstring: SSH-2.0-OpenSSH_5.3
INF [20190221-15:27:17.128] thr=1   paramiko.transport: Connected (version 2.0, client OpenSSH_5.3)
DEB [20190221-15:27:17.129] thr=1   paramiko.transport: kex algos:['diffie-hellman-group-exchange-sha256', 'diffie-hellman-group-exchange-sha1', 'diffie-hellman-group14-sha1', 'diffie-hellman-group1-sha1'] server key:['ssh-rsa', 'ssh-dss'] client encrypt:['aes128-ctr', 'aes192-ctr', 'aes256-ctr', 'arcfour256', 'arcfour128', 'aes128-cbc', '3des-cbc', 'blowfish-cbc', 'cast128-cbc', 'aes192-cbc', 'aes256-cbc', 'arcfour', 'rijndael-cbc@lysator.liu.se'] server encrypt:['aes128-ctr', 'aes192-ctr', 'aes256-ctr', 'arcfour256', 'arcfour128', 'aes128-cbc', '3des-cbc', 'blowfish-cbc', 'cast128-cbc', 'aes192-cbc', 'aes256-cbc', 'arcfour', 'rijndael-cbc@lysator.liu.se'] client mac:['hmac-md5', 'hmac-sha1', 'umac-64@openssh.com', 'hmac-sha2-256', 'hmac-sha2-512', 'hmac-ripemd160', 'hmac-ripemd160@openssh.com', 'hmac-sha1-96', 'hmac-md5-96'] server mac:['hmac-md5', 'hmac-sha1', 'umac-64@openssh.com', 'hmac-sha2-256', 'hmac-sha2-512', 'hmac-ripemd160', 'hmac-ripemd160@openssh.com', 'hmac-sha1-96', 'hmac-md5-96'] client compress:['none', 'zlib@openssh.com'] server compress:['none', 'zlib@openssh.com'] client lang:[''] server lang:[''] kex follows?False
DEB [20190221-15:27:17.129] thr=1   paramiko.transport: Kex agreed: diffie-hellman-group-exchange-sha256
DEB [20190221-15:27:17.129] thr=1   paramiko.transport: HostKey agreed: ssh-rsa
DEB [20190221-15:27:17.129] thr=1   paramiko.transport: Cipher agreed: aes128-ctr
DEB [20190221-15:27:17.130] thr=1   paramiko.transport: MAC agreed: hmac-sha2-256
DEB [20190221-15:27:17.130] thr=1   paramiko.transport: Compression agreed: none
DEB [20190221-15:27:17.170] thr=1   paramiko.transport: Got server p (2048 bits)
DEB [20190221-15:27:17.330] thr=1   paramiko.transport: kex engine KexGexSHA256 specified hash_algo <built-in function openssl_sha256>
DEB [20190221-15:27:17.331] thr=1   paramiko.transport: Switch to new keys ...
DEB [20190221-15:27:17.370] thr=1   paramiko.transport: userauth is OK
INF [20190221-15:27:17.376] thr=1   paramiko.transport: Authentication (publickey) successful!
DEB [20190221-15:27:17.377] thr=2   paramiko.transport: [chan 0] Max packet in: 32768 bytes
DEB [20190221-15:27:17.386] thr=1   paramiko.transport: [chan 0] Max packet out: 32768 bytes
DEB [20190221-15:27:17.387] thr=1   paramiko.transport: Secsh channel 0 opened.
DEB [20190221-15:27:17.387] thr=1   paramiko.transport: [chan 0] Sesch channel 0 request ok
DEB [20190221-15:27:17.389] thr=1   paramiko.transport: [chan 0] Sesch channel 0 request ok
DEB [20190221-15:28:12.151] thr=1   paramiko.transport: [chan 0] EOF received (0)
DEB [20190221-15:28:12.151] thr=1   paramiko.transport: [chan 0] EOF sent (0)
DEB [20190221-15:28:12.152] thr=1   paramiko.transport: Dropping user packet because connection is dead.
DEB [20190221-15:28:14.910] thr=1   paramiko.transport: starting thread (client mode): 0xa1c1e4a8
DEB [20190221-15:28:14.911] thr=1   paramiko.transport: Local version/idstring: SSH-2.0-paramiko_2.4.0
DEB [20190221-15:28:14.915] thr=1   paramiko.transport: Remote version/idstring: SSH-2.0-OpenSSH_5.3
INF [20190221-15:28:14.915] thr=1   paramiko.transport: Connected (version 2.0, client OpenSSH_5.3)
DEB [20190221-15:28:14.916] thr=1   paramiko.transport: kex algos:['diffie-hellman-group-exchange-sha256', 'diffie-hellman-group-exchange-sha1', 'diffie-hellman-group14-sha1', 'diffie-hellman-group1-sha1'] server key:['ssh-rsa', 'ssh-dss'] client encrypt:['aes128-ctr', 'aes192-ctr', 'aes256-ctr', 'arcfour256', 'arcfour128', 'aes128-cbc', '3des-cbc', 'blowfish-cbc', 'cast128-cbc', 'aes192-cbc', 'aes256-cbc', 'arcfour', 'rijndael-cbc@lysator.liu.se'] server encrypt:['aes128-ctr', 'aes192-ctr', 'aes256-ctr', 'arcfour256', 'arcfour128', 'aes128-cbc', '3des-cbc', 'blowfish-cbc', 'cast128-cbc', 'aes192-cbc', 'aes256-cbc', 'arcfour', 'rijndael-cbc@lysator.liu.se'] client mac:['hmac-md5', 'hmac-sha1', 'umac-64@openssh.com', 'hmac-sha2-256', 'hmac-sha2-512', 'hmac-ripemd160', 'hmac-ripemd160@openssh.com', 'hmac-sha1-96', 'hmac-md5-96'] server mac:['hmac-md5', 'hmac-sha1', 'umac-64@openssh.com', 'hmac-sha2-256', 'hmac-sha2-512', 'hmac-ripemd160', 'hmac-ripemd160@openssh.com', 'hmac-sha1-96', 'hmac-md5-96'] client compress:['none', 'zlib@openssh.com'] server compress:['none', 'zlib@openssh.com'] client lang:[''] server lang:[''] kex follows?False
DEB [20190221-15:28:14.916] thr=1   paramiko.transport: Kex agreed: diffie-hellman-group-exchange-sha256
DEB [20190221-15:28:14.916] thr=1   paramiko.transport: HostKey agreed: ssh-rsa
DEB [20190221-15:28:14.916] thr=1   paramiko.transport: Cipher agreed: aes128-ctr
DEB [20190221-15:28:14.916] thr=1   paramiko.transport: MAC agreed: hmac-sha2-256
DEB [20190221-15:28:14.916] thr=1   paramiko.transport: Compression agreed: none
DEB [20190221-15:28:14.957] thr=1   paramiko.transport: Got server p (2048 bits)
DEB [20190221-15:28:15.084] thr=1   paramiko.transport: kex engine KexGexSHA256 specified hash_algo <built-in function openssl_sha256>
DEB [20190221-15:28:15.084] thr=1   paramiko.transport: Switch to new keys ...
DEB [20190221-15:28:15.125] thr=1   paramiko.transport: userauth is OK
INF [20190221-15:28:15.130] thr=1   paramiko.transport: Authentication (publickey) successful!
DEB [20190221-15:28:15.131] thr=2   paramiko.transport: [chan 0] Max packet in: 32768 bytes
DEB [20190221-15:28:15.139] thr=1   paramiko.transport: [chan 0] Max packet out: 32768 bytes
DEB [20190221-15:28:15.139] thr=1   paramiko.transport: Secsh channel 0 opened.
DEB [20190221-15:28:15.140] thr=1   paramiko.transport: [chan 0] Sesch channel 0 request ok
DEB [20190221-15:28:15.141] thr=1   paramiko.transport: [chan 0] Sesch channel 0 request ok
DEB [20190221-15:28:22.145] thr=1   paramiko.transport: [chan 0] EOF received (0)
DEB [20190221-15:28:22.146] thr=2   paramiko.transport: [chan 0] EOF sent (0)
DEB [20190221-15:38:00.564] thr=1   paramiko.transport: starting thread (client mode): 0x514514a8
DEB [20190221-15:38:00.564] thr=1   paramiko.transport: Local version/idstring: SSH-2.0-paramiko_2.4.0
DEB [20190221-15:38:00.569] thr=1   paramiko.transport: Remote version/idstring: SSH-2.0-OpenSSH_5.3
INF [20190221-15:38:00.569] thr=1   paramiko.transport: Connected (version 2.0, client OpenSSH_5.3)
DEB [20190221-15:38:00.570] thr=1   paramiko.transport: kex algos:['diffie-hellman-group-exchange-sha256', 'diffie-hellman-group-exchange-sha1', 'diffie-hellman-group14-sha1', 'diffie-hellman-group1-sha1'] server key:['ssh-rsa', 'ssh-dss'] client encrypt:['aes128-ctr', 'aes192-ctr', 'aes256-ctr', 'arcfour256', 'arcfour128', 'aes128-cbc', '3des-cbc', 'blowfish-cbc', 'cast128-cbc', 'aes192-cbc', 'aes256-cbc', 'arcfour', 'rijndael-cbc@lysator.liu.se'] server encrypt:['aes128-ctr', 'aes192-ctr', 'aes256-ctr', 'arcfour256', 'arcfour128', 'aes128-cbc', '3des-cbc', 'blowfish-cbc', 'cast128-cbc', 'aes192-cbc', 'aes256-cbc', 'arcfour', 'rijndael-cbc@lysator.liu.se'] client mac:['hmac-md5', 'hmac-sha1', 'umac-64@openssh.com', 'hmac-sha2-256', 'hmac-sha2-512', 'hmac-ripemd160', 'hmac-ripemd160@openssh.com', 'hmac-sha1-96', 'hmac-md5-96'] server mac:['hmac-md5', 'hmac-sha1', 'umac-64@openssh.com', 'hmac-sha2-256', 'hmac-sha2-512', 'hmac-ripemd160', 'hmac-ripemd160@openssh.com', 'hmac-sha1-96', 'hmac-md5-96'] client compress:['none', 'zlib@openssh.com'] server compress:['none', 'zlib@openssh.com'] client lang:[''] server lang:[''] kex follows?False
DEB [20190221-15:38:00.570] thr=1   paramiko.transport: Kex agreed: diffie-hellman-group-exchange-sha256
DEB [20190221-15:38:00.570] thr=1   paramiko.transport: HostKey agreed: ssh-rsa
DEB [20190221-15:38:00.570] thr=1   paramiko.transport: Cipher agreed: aes128-ctr
DEB [20190221-15:38:00.570] thr=1   paramiko.transport: MAC agreed: hmac-sha2-256
DEB [20190221-15:38:00.570] thr=1   paramiko.transport: Compression agreed: none
DEB [20190221-15:38:00.572] thr=1   paramiko.transport: Got server p (2048 bits)
DEB [20190221-15:38:00.696] thr=1   paramiko.transport: kex engine KexGexSHA256 specified hash_algo <built-in function openssl_sha256>
DEB [20190221-15:38:00.697] thr=1   paramiko.transport: Switch to new keys ...
DEB [20190221-15:38:00.737] thr=1   paramiko.transport: userauth is OK
INF [20190221-15:38:00.742] thr=1   paramiko.transport: Authentication (publickey) successful!
DEB [20190221-15:38:00.743] thr=2   paramiko.transport: [chan 0] Max packet in: 32768 bytes
DEB [20190221-15:38:00.751] thr=1   paramiko.transport: [chan 0] Max packet out: 32768 bytes
DEB [20190221-15:38:00.752] thr=1   paramiko.transport: Secsh channel 0 opened.
DEB [20190221-15:38:00.752] thr=1   paramiko.transport: [chan 0] Sesch channel 0 request ok
DEB [20190221-15:38:00.753] thr=1   paramiko.transport: [chan 0] Sesch channel 0 request ok
