DEB [20190219-15:49:14.463] thr=1   paramiko.transport: starting thread (client mode): 0xb81a0358
DEB [20190219-15:49:14.463] thr=1   paramiko.transport: Local version/idstring: SSH-2.0-paramiko_2.4.0
DEB [20190219-15:49:14.467] thr=1   paramiko.transport: Remote version/idstring: SSH-2.0-OpenSSH_5.3
INF [20190219-15:49:14.467] thr=1   paramiko.transport: Connected (version 2.0, client OpenSSH_5.3)
DEB [20190219-15:49:14.468] thr=1   paramiko.transport: kex algos:['diffie-hellman-group-exchange-sha256', 'diffie-hellman-group-exchange-sha1', 'diffie-hellman-group14-sha1', 'diffie-hellman-group1-sha1'] server key:['ssh-rsa', 'ssh-dss'] client encrypt:['aes128-ctr', 'aes192-ctr', 'aes256-ctr', 'arcfour256', 'arcfour128', 'aes128-cbc', '3des-cbc', 'blowfish-cbc', 'cast128-cbc', 'aes192-cbc', 'aes256-cbc', 'arcfour', 'rijndael-cbc@lysator.liu.se'] server encrypt:['aes128-ctr', 'aes192-ctr', 'aes256-ctr', 'arcfour256', 'arcfour128', 'aes128-cbc', '3des-cbc', 'blowfish-cbc', 'cast128-cbc', 'aes192-cbc', 'aes256-cbc', 'arcfour', 'rijndael-cbc@lysator.liu.se'] client mac:['hmac-md5', 'hmac-sha1', 'umac-64@openssh.com', 'hmac-sha2-256', 'hmac-sha2-512', 'hmac-ripemd160', 'hmac-ripemd160@openssh.com', 'hmac-sha1-96', 'hmac-md5-96'] server mac:['hmac-md5', 'hmac-sha1', 'umac-64@openssh.com', 'hmac-sha2-256', 'hmac-sha2-512', 'hmac-ripemd160', 'hmac-ripemd160@openssh.com', 'hmac-sha1-96', 'hmac-md5-96'] client compress:['none', 'zlib@openssh.com'] server compress:['none', 'zlib@openssh.com'] client lang:[''] server lang:[''] kex follows?False
DEB [20190219-15:49:14.468] thr=1   paramiko.transport: Kex agreed: diffie-hellman-group-exchange-sha256
DEB [20190219-15:49:14.468] thr=1   paramiko.transport: HostKey agreed: ssh-rsa
DEB [20190219-15:49:14.468] thr=1   paramiko.transport: Cipher agreed: aes128-ctr
DEB [20190219-15:49:14.468] thr=1   paramiko.transport: MAC agreed: hmac-sha2-256
DEB [20190219-15:49:14.468] thr=1   paramiko.transport: Compression agreed: none
DEB [20190219-15:49:14.508] thr=1   paramiko.transport: Got server p (2048 bits)
DEB [20190219-15:49:14.637] thr=1   paramiko.transport: kex engine KexGexSHA256 specified hash_algo <built-in function openssl_sha256>
DEB [20190219-15:49:14.638] thr=1   paramiko.transport: Switch to new keys ...
DEB [20190219-15:49:14.639] thr=2   paramiko.transport: Adding ssh-rsa host key for 192.168.0.19: b'0006fe906807a26d256c613790b1ad25'
DEB [20190219-15:49:14.640] thr=2   paramiko.transport: Trying discovered key b'a6bbed620ff8613a9970a12ccd93a402' in /root/.ssh/id_rsa
DEB [20190219-15:49:14.677] thr=1   paramiko.transport: userauth is OK
INF [20190219-15:49:14.682] thr=1   paramiko.transport: Authentication (publickey) successful!
DEB [20190219-15:49:14.683] thr=2   paramiko.transport: [chan 0] Max packet in: 32768 bytes
DEB [20190219-15:49:14.692] thr=1   paramiko.transport: [chan 0] Max packet out: 32768 bytes
DEB [20190219-15:49:14.692] thr=1   paramiko.transport: Secsh channel 0 opened.
DEB [20190219-15:49:14.694] thr=1   paramiko.transport: [chan 0] Sesch channel 0 request ok
DEB [20190219-15:49:14.705] thr=1   paramiko.transport: [chan 0] EOF received (0)
DEB [20190219-15:49:14.705] thr=2   paramiko.transport: [chan 1] Max packet in: 32768 bytes
DEB [20190219-15:49:14.705] thr=1   paramiko.transport: [chan 0] EOF sent (0)
DEB [20190219-15:49:14.707] thr=1   paramiko.transport: [chan 1] Max packet out: 32768 bytes
DEB [20190219-15:49:14.707] thr=1   paramiko.transport: Secsh channel 1 opened.
DEB [20190219-15:49:14.747] thr=1   paramiko.transport: [chan 1] Sesch channel 1 request ok
DEB [20190219-15:49:14.760] thr=1   paramiko.transport: [chan 1] EOF received (1)
DEB [20190219-15:49:14.760] thr=1   paramiko.transport: [chan 1] EOF sent (1)
